<?xml version="1.0" encoding="UTF-8"?>
<!-- Generated by org.testng.reporters.JUnitReportReporter -->
<testsuite hostname="DESKTOP-FS3NC9J" failures="0" tests="1" name="com.mystore.testcase.AddToCartPageTest" time="61.972" errors="0" timestamp="2021-12-31T15:39:11 IST" skipped="0">
  <testcase classname="com.mystore.testcase.AddToCartPageTest" name="addToCartTest" time="61.972"/>
  <system-out/>
</testsuite> <!-- com.mystore.testcase.AddToCartPageTest -->
