<?xml version="1.0" encoding="UTF-8"?>
<!-- Generated by org.testng.reporters.JUnitReportReporter -->
<testsuite hostname="DESKTOP-FS3NC9J" failures="0" tests="1" name="com.mystore.testcase.EndToEndTest" time="142.883" errors="0" timestamp="2021-12-31T16:20:32 IST" skipped="0">
  <testcase classname="com.mystore.testcase.EndToEndTest" name="endtoendTest" time="142.883"/>
  <system-out/>
</testsuite> <!-- com.mystore.testcase.EndToEndTest -->
