<?xml version="1.0" encoding="UTF-8"?>
<!-- Generated by org.testng.reporters.JUnitReportReporter -->
<testsuite hostname="DESKTOP-FS3NC9J" failures="0" tests="1" name="com.mystore.testcase.LoginPageTest" time="62.390" errors="0" timestamp="2022-01-06T15:43:26 IST" skipped="0">
  <testcase classname="com.mystore.testcase.LoginPageTest" name="LoginPage" time="62.390"/>
  <system-out/>
</testsuite> <!-- com.mystore.testcase.LoginPageTest -->
