<?xml version="1.0" encoding="UTF-8"?>
<!-- Generated by org.testng.reporters.JUnitReportReporter -->
<testsuite hostname="DESKTOP-FS3NC9J" failures="0" tests="1" name="com.mystore.testcase.OrderPageTest" time="79.341" errors="0" timestamp="2021-12-31T16:01:18 IST" skipped="0">
  <testcase classname="com.mystore.testcase.OrderPageTest" name="verifyTotalPrice" time="79.341"/>
  <system-out/>
</testsuite> <!-- com.mystore.testcase.OrderPageTest -->
