<?xml version="1.0" encoding="UTF-8"?>
<!-- Generated by org.testng.reporters.JUnitReportReporter -->
<testsuite hostname="DESKTOP-FS3NC9J" failures="0" tests="1" name="com.mystore.testcase.HomePageTest" time="31.817" errors="0" timestamp="2022-01-02T16:05:37 IST" skipped="0">
  <testcase classname="com.mystore.testcase.HomePageTest" name="verifyhistorydetails" time="31.817"/>
  <system-out/>
</testsuite> <!-- com.mystore.testcase.HomePageTest -->
