<?xml version="1.0" encoding="UTF-8"?>
<!-- Generated by org.testng.reporters.JUnitReportReporter -->
<testsuite hostname="DESKTOP-FS3NC9J" failures="0" tests="2" name="com.mystore.testcase.IndexPageTest" time="45.792" errors="0" timestamp="2022-01-06T15:44:36 IST" skipped="0">
  <testcase classname="com.mystore.testcase.IndexPageTest" name="verifylogo" time="27.501"/>
  <system-out/>
  <testcase classname="com.mystore.testcase.IndexPageTest" name="verifyTitle" time="18.291"/>
  <system-out/>
</testsuite> <!-- com.mystore.testcase.IndexPageTest -->
