<?xml version="1.0" encoding="UTF-8"?>
<!-- Generated by org.testng.reporters.JUnitReportReporter -->
<testsuite hostname="DESKTOP-FS3NC9J" failures="0" tests="2" name="com.mystore.testcase.LoginPageTest" time="59.784" errors="0" timestamp="2022-01-02T16:05:37 IST" skipped="0">
  <testcase classname="com.mystore.testcase.LoginPageTest" name="LoginPage" time="30.187"/>
  <system-out/>
  <testcase classname="com.mystore.testcase.LoginPageTest" name="LoginPage" time="29.597"/>
  <system-out/>
</testsuite> <!-- com.mystore.testcase.LoginPageTest -->
