<?xml version="1.0" encoding="UTF-8"?>
<!-- Generated by org.testng.reporters.JUnitReportReporter -->
<testsuite hostname="DESKTOP-FS3NC9J" failures="0" tests="1" name="com.mystore.testcase.AddToCartPageTest" time="89.562" errors="0" timestamp="2022-01-06T14:51:39 IST" skipped="0">
  <testcase classname="com.mystore.testcase.AddToCartPageTest" name="addToCartTest" time="89.562"/>
  <system-out/>
</testsuite> <!-- com.mystore.testcase.AddToCartPageTest -->
